2020-05-03 19:13:14,346:INFO: Training model: s2s_en2zh
2020-05-03 19:13:21,989:DEBUG: Building prefix dict from the default dictionary ...
2020-05-03 19:13:21,990:DEBUG: Loading model from cache /tmp/jieba.cache
2020-05-03 19:13:22,674:DEBUG: Loading model cost 0.685 seconds.
2020-05-03 19:13:22,674:DEBUG: Prefix dict has been built successfully.
2020-05-03 19:13:49,246:INFO: Vocab size src/tgt:13364/10523
2020-05-03 19:13:50,198:INFO: train/val/test size: 508/59/15000
2020-05-03 19:13:52,477:INFO: #paras of my model: enc 17.344512M  dec 31.250203M total 48.594715M
2020-05-03 19:14:22,290:INFO: Training model: s2s_en2zh
2020-05-03 19:14:30,649:DEBUG: Building prefix dict from the default dictionary ...
2020-05-03 19:14:30,650:DEBUG: Loading model from cache /tmp/jieba.cache
2020-05-03 19:14:31,344:DEBUG: Loading model cost 0.695 seconds.
2020-05-03 19:14:31,344:DEBUG: Prefix dict has been built successfully.
2020-05-03 19:14:59,757:INFO: Vocab size src/tgt:10523/13364
2020-05-03 19:15:00,734:INFO: train/val/test size: 508/59/15000
2020-05-03 19:15:03,038:INFO: #paras of my model: enc 12.220416M  dec 34.162228M total 46.382644M
2020-05-03 19:21:30,279:INFO: Training model: s2s_en2zh
2020-05-03 19:21:30,290:INFO: Vocab size src/tgt:10523/13364
2020-05-03 19:21:31,243:INFO: train/val/test size: 508/59/15000
2020-05-03 19:21:33,199:DEBUG: Building prefix dict from the default dictionary ...
2020-05-03 19:21:33,200:DEBUG: Loading model from cache /tmp/jieba.cache
2020-05-03 19:21:33,202:DEBUG: Building prefix dict from the default dictionary ...
2020-05-03 19:21:33,202:DEBUG: Building prefix dict from the default dictionary ...
2020-05-03 19:21:33,202:DEBUG: Building prefix dict from the default dictionary ...
2020-05-03 19:21:33,204:DEBUG: Loading model from cache /tmp/jieba.cache
2020-05-03 19:21:33,204:DEBUG: Loading model from cache /tmp/jieba.cache
2020-05-03 19:21:33,204:DEBUG: Loading model from cache /tmp/jieba.cache
2020-05-03 19:21:33,944:DEBUG: Loading model cost 0.742 seconds.
2020-05-03 19:21:33,944:DEBUG: Prefix dict has been built successfully.
2020-05-03 19:21:34,009:DEBUG: Loading model cost 0.810 seconds.
2020-05-03 19:21:34,010:DEBUG: Prefix dict has been built successfully.
2020-05-03 19:21:34,043:DEBUG: Loading model cost 0.840 seconds.
2020-05-03 19:21:34,043:DEBUG: Prefix dict has been built successfully.
2020-05-03 19:21:34,085:DEBUG: Loading model cost 0.882 seconds.
2020-05-03 19:21:34,085:DEBUG: Prefix dict has been built successfully.
2020-05-03 19:27:10,051:INFO: Training model: s2s_en2zh
2020-05-03 19:27:17,715:DEBUG: Building prefix dict from the default dictionary ...
2020-05-03 19:27:17,716:DEBUG: Loading model from cache /tmp/jieba.cache
2020-05-03 19:27:18,401:DEBUG: Loading model cost 0.686 seconds.
2020-05-03 19:27:18,401:DEBUG: Prefix dict has been built successfully.
2020-05-03 19:27:46,195:INFO: Vocab size src/tgt:10523/13364
2020-05-03 19:27:47,127:INFO: train/val/test size: 508/59/15000
